<?xml version="1.0" encoding="UTF-8"?>
<testsuite name="com.mengyunzhi.SpringMvcStudy.TeacherControllerTest" time="0.431" tests="3" errors="1" skipped="0" failures="0">
  <properties>
[...]
</properties>
  <testcase name="updateTest" classname="com.mengyunzhi.SpringMvcStudy.TeacherControllerTest" time="0.182">
    <error message="Request processing failed; nested exception is java.lang.NullPointerException" type="org.springframework.web.util.NestedServletException">org.springframework.web.util.NestedServletException: Request processing failed; nested exception is java.lang.NullPointerException
	at com.mengyunzhi.SpringMvcStudy.TeacherServiceImpl.update(TeacherServiceImpl.java:26)
	at com.mengyunzhi.SpringMvcStudy.TeacherController.update(TeacherController.java:45)
	at sun.reflect.NativeMethodAccessorImpl.invoke0(Native Method)
	at sun.reflect.NativeMethodAccessorImpl.invoke(NativeMethodAccessorImpl.java:62)
	at sun.reflect.DelegatingMethodAccessorImpl.invoke(DelegatingMethodAccessorImpl.java:43)
	at java.lang.reflect.Method.invoke(Method.java:498)
	at org.springframework.web.method.support.InvocableHandlerMethod.doInvoke(InvocableHandlerMethod.java:205)
	at org.springframework.web.method.support.InvocableHandlerMethod.invokeForRequest(InvocableHandlerMethod.java:133)
	at org.springframework.web.servlet.mvc.method.annotation.ServletInvocableHandlerMethod.invokeAndHandle(ServletInvocableHandlerMethod.java:97)
	at org.springframework.web.servlet.mvc.method.annotation.RequestMappingHandlerAdapter.invokeHandlerMethod(RequestMappingHandlerAdapter.java:827)
	at org.springframework.web.servlet.mvc.method.annotation.RequestMappingHandlerAdapter.handleInternal(RequestMappingHandlerAdapter.java:738)
	at org.springframework.web.servlet.mvc.method.AbstractHandlerMethodAdapter.handle(AbstractHandlerMethodAdapter.java:85)
	at org.springframework.web.servlet.DispatcherServlet.doDispatch(DispatcherServlet.java:967)
	at org.springframework.web.servlet.DispatcherServlet.doService(DispatcherServlet.java:901)
	at org.springframework.web.servlet.FrameworkServlet.processRequest(FrameworkServlet.java:970)
	at org.springframework.web.servlet.FrameworkServlet.doPut(FrameworkServlet.java:883)
	at javax.servlet.http.HttpServlet.service(HttpServlet.java:664)
	at org.springframework.web.servlet.FrameworkServlet.service(FrameworkServlet.java:846)
	at org.springframework.test.web.servlet.TestDispatcherServlet.service(TestDispatcherServlet.java:65)
	at javax.servlet.http.HttpServlet.service(HttpServlet.java:742)
	at org.springframework.mock.web.MockFilterChain$ServletFilterProxy.doFilter(MockFilterChain.java:160)
	at org.springframework.mock.web.MockFilterChain.doFilter(MockFilterChain.java:127)
	at org.springframework.web.filter.RequestContextFilter.doFilterInternal(RequestContextFilter.java:99)
	at org.springframework.web.filter.OncePerRequestFilter.doFilter(OncePerRequestFilter.java:107)
	at org.springframework.mock.web.MockFilterChain.doFilter(MockFilterChain.java:127)
	at org.springframework.web.filter.HttpPutFormContentFilter.doFilterInternal(HttpPutFormContentFilter.java:108)
	at org.springframework.web.filter.OncePerRequestFilter.doFilter(OncePerRequestFilter.java:107)
	at org.springframework.mock.web.MockFilterChain.doFilter(MockFilterChain.java:127)
	at org.springframework.web.filter.HiddenHttpMethodFilter.doFilterInternal(HiddenHttpMethodFilter.java:81)
	at org.springframework.web.filter.OncePerRequestFilter.doFilter(OncePerRequestFilter.java:107)
	at org.springframework.mock.web.MockFilterChain.doFilter(MockFilterChain.java:127)
	at org.springframework.web.filter.CharacterEncodingFilter.doFilterInternal(CharacterEncodingFilter.java:197)
	at org.springframework.web.filter.OncePerRequestFilter.doFilter(OncePerRequestFilter.java:107)
	at org.springframework.mock.web.MockFilterChain.doFilter(MockFilterChain.java:127)
	at org.springframework.test.web.servlet.MockMvc.perform(MockMvc.java:155)
	at com.mengyunzhi.SpringMvcStudy.TeacherControllerTest.updateTest(TeacherControllerTest.java:62)
</error>
    <system-out><![CDATA[2017-12-22 10:54:58.024  INFO 7534 --- [           main] .b.t.c.SpringBootTestContextBootstrapper : Neither @ContextConfiguration nor @ContextHierarchy found for test class [com.mengyunzhi.SpringMvcStudy.TeacherControllerTest], using SpringBootContextLoader
2017-12-22 10:54:58.025  INFO 7534 --- [           main] o.s.t.c.support.AbstractContextLoader    : Could not detect default resource locations for test class [com.mengyunzhi.SpringMvcStudy.TeacherControllerTest]: no resource found for suffixes {-context.xml, Context.groovy}.
2017-12-22 10:54:58.025  INFO 7534 --- [           main] t.c.s.AnnotationConfigContextLoaderUtils : Could not detect default configuration classes for test class [com.mengyunzhi.SpringMvcStudy.TeacherControllerTest]: TeacherControllerTest does not declare any static, non-private, non-final, nested classes annotated with @Configuration.
2017-12-22 10:54:58.034  INFO 7534 --- [           main] .b.t.c.SpringBootTestContextBootstrapper : Found @SpringBootConfiguration com.mengyunzhi.SpringMvcStudy.SpringMvcStudyApplication for test class com.mengyunzhi.SpringMvcStudy.TeacherControllerTest
2017-12-22 10:54:58.040  INFO 7534 --- [           main] .b.t.c.SpringBootTestContextBootstrapper : Loaded default TestExecutionListener class names from location [META-INF/spring.factories]: [org.springframework.boot.test.mock.mockito.MockitoTestExecutionListener, org.springframework.boot.test.mock.mockito.ResetMocksTestExecutionListener, org.springframework.boot.test.autoconfigure.restdocs.RestDocsTestExecutionListener, org.springframework.boot.test.autoconfigure.web.client.MockRestServiceServerResetTestExecutionListener, org.springframework.boot.test.autoconfigure.web.servlet.MockMvcPrintOnlyOnFailureTestExecutionListener, org.springframework.boot.test.autoconfigure.web.servlet.WebDriverTestExecutionListener, org.springframework.test.context.web.ServletTestExecutionListener, org.springframework.test.context.support.DirtiesContextBeforeModesTestExecutionListener, org.springframework.test.context.support.DependencyInjectionTestExecutionListener, org.springframework.test.context.support.DirtiesContextTestExecutionListener, org.springframework.test.context.transaction.TransactionalTestExecutionListener, org.springframework.test.context.jdbc.SqlScriptsTestExecutionListener]
2017-12-22 10:54:58.048  INFO 7534 --- [           main] .b.t.c.SpringBootTestContextBootstrapper : Using TestExecutionListeners: [org.springframework.test.context.web.ServletTestExecutionListener@2c9fdb64, org.springframework.test.context.support.DirtiesContextBeforeModesTestExecutionListener@27e199ce, org.springframework.boot.test.autoconfigure.SpringBootDependencyInjectionTestExecutionListener@1c3b6963, org.springframework.test.context.support.DirtiesContextTestExecutionListener@7364f68, org.springframework.test.context.transaction.TransactionalTestExecutionListener@55a0f011, org.springframework.test.context.jdbc.SqlScriptsTestExecutionListener@7ea42c82, org.springframework.boot.test.autoconfigure.web.client.MockRestServiceServerResetTestExecutionListener@39133244, org.springframework.boot.test.mock.mockito.ResetMocksTestExecutionListener@ceb7701, org.springframework.boot.test.autoconfigure.restdocs.RestDocsTestExecutionListener@5e193ef5, org.springframework.boot.test.autoconfigure.web.servlet.MockMvcPrintOnlyOnFailureTestExecutionListener@106c988, org.springframework.boot.test.autoconfigure.web.servlet.WebDriverTestExecutionListener@21274afe, org.springframework.boot.test.mock.mockito.MockitoTestExecutionListener@76a362a4]

  .   ____          _            __ _ _
 /\\ / ___'_ __ _ _(_)_ __  __ _ \ \ \ \
( ( )\___ | '_ | '_| | '_ \/ _` | \ \ \ \
 \\/  ___)| |_)| | | | | || (_| |  ) ) ) )
  '  |____| .__|_| |_|_| |_\__, | / / / /
 =========|_|==============|___/=/_/_/_/
 :: Spring Boot ::        (v1.5.9.RELEASE)

2017-12-22 10:54:58.095  INFO 7534 --- [           main] c.m.S.TeacherControllerTest              : Starting TeacherControllerTest on poshichao-HP-Pavilion-Notebook with PID 7534 (started by poshichao in /home/poshichao/project/GuideCode/springstudy/api)
2017-12-22 10:54:58.096  INFO 7534 --- [           main] c.m.S.TeacherControllerTest              : No active profile set, falling back to default profiles: default
2017-12-22 10:54:58.100  INFO 7534 --- [           main] o.s.w.c.s.GenericWebApplicationContext   : Refreshing org.springframework.web.context.support.GenericWebApplicationContext@7b297740: startup date [Fri Dec 22 10:54:58 CST 2017]; root of context hierarchy
2017-12-22 10:54:58.489  INFO 7534 --- [           main] j.LocalContainerEntityManagerFactoryBean : Building JPA container EntityManagerFactory for persistence unit 'default'
2017-12-22 10:54:58.490  INFO 7534 --- [           main] o.hibernate.jpa.internal.util.LogHelper  : HHH000204: Processing PersistenceUnitInfo [
	name: default
	...]
2017-12-22 10:54:58.494  INFO 7534 --- [           main] org.hibernate.dialect.Dialect            : HHH000400: Using dialect: org.hibernate.dialect.MySQL5Dialect
2017-12-22 10:54:58.507  INFO 7534 --- [           main] org.hibernate.tool.hbm2ddl.SchemaUpdate  : HHH000228: Running hbm2ddl schema update
2017-12-22 10:54:58.518  WARN 7534 --- [           main] o.h.j.i.EntityManagerFactoryRegistry     : HHH000436: Entity manager factory name (default) is already registered.  If entity manager will be clustered or passivated, specify a unique value for property 'hibernate.ejb.entitymanager_factory_name'
2017-12-22 10:54:58.519  INFO 7534 --- [           main] j.LocalContainerEntityManagerFactoryBean : Initialized JPA EntityManagerFactory for persistence unit 'default'
2017-12-22 10:54:58.625  INFO 7534 --- [           main] o.s.b.t.m.w.SpringBootMockServletContext : Initializing Spring FrameworkServlet ''
2017-12-22 10:54:58.625  INFO 7534 --- [           main] o.s.t.web.servlet.TestDispatcherServlet  : FrameworkServlet '': initialization started
2017-12-22 10:54:58.669  INFO 7534 --- [           main] s.w.s.m.m.a.RequestMappingHandlerMapping : Mapped "{[/Teacher],methods=[GET]}" onto public java.lang.Iterable<com.mengyunzhi.SpringMvcStudy.Teacher> com.mengyunzhi.SpringMvcStudy.TeacherController.getAll()
2017-12-22 10:54:58.669  INFO 7534 --- [           main] s.w.s.m.m.a.RequestMappingHandlerMapping : Mapped "{[/Teacher/helloWorld]}" onto public com.mengyunzhi.SpringMvcStudy.TeacherController$HelloWorld com.mengyunzhi.SpringMvcStudy.TeacherController.helloWorld()
2017-12-22 10:54:58.669  INFO 7534 --- [           main] s.w.s.m.m.a.RequestMappingHandlerMapping : Mapped "{[/Teacher/{id}],methods=[GET]}" onto public com.mengyunzhi.SpringMvcStudy.Teacher com.mengyunzhi.SpringMvcStudy.TeacherController.get(java.lang.Long)
2017-12-22 10:54:58.669  INFO 7534 --- [           main] s.w.s.m.m.a.RequestMappingHandlerMapping : Mapped "{[/Teacher/{id}],methods=[PUT]}" onto public void com.mengyunzhi.SpringMvcStudy.TeacherController.update(com.mengyunzhi.SpringMvcStudy.Teacher,java.lang.Long)
2017-12-22 10:54:58.670  INFO 7534 --- [           main] s.w.s.m.m.a.RequestMappingHandlerMapping : Mapped "{[/Teacher/{id}],methods=[DELETE]}" onto public void com.mengyunzhi.SpringMvcStudy.TeacherController.delete(java.lang.Long)
2017-12-22 10:54:58.670  INFO 7534 --- [           main] s.w.s.m.m.a.RequestMappingHandlerMapping : Mapped "{[/Teacher/],methods=[POST]}" onto public com.mengyunzhi.SpringMvcStudy.Teacher com.mengyunzhi.SpringMvcStudy.TeacherController.save(com.mengyunzhi.SpringMvcStudy.Teacher)
2017-12-22 10:54:58.671  INFO 7534 --- [           main] s.w.s.m.m.a.RequestMappingHandlerMapping : Mapped "{[/error],produces=[text/html]}" onto public org.springframework.web.servlet.ModelAndView org.springframework.boot.autoconfigure.web.BasicErrorController.errorHtml(javax.servlet.http.HttpServletRequest,javax.servlet.http.HttpServletResponse)
2017-12-22 10:54:58.672  INFO 7534 --- [           main] s.w.s.m.m.a.RequestMappingHandlerMapping : Mapped "{[/error]}" onto public org.springframework.http.ResponseEntity<java.util.Map<java.lang.String, java.lang.Object>> org.springframework.boot.autoconfigure.web.BasicErrorController.error(javax.servlet.http.HttpServletRequest)
2017-12-22 10:54:58.689  INFO 7534 --- [           main] o.s.w.s.handler.SimpleUrlHandlerMapping  : Mapped URL path [/webjars/**] onto handler of type [class org.springframework.web.servlet.resource.ResourceHttpRequestHandler]
2017-12-22 10:54:58.689  INFO 7534 --- [           main] o.s.w.s.handler.SimpleUrlHandlerMapping  : Mapped URL path [/**] onto handler of type [class org.springframework.web.servlet.resource.ResourceHttpRequestHandler]
2017-12-22 10:54:58.703  INFO 7534 --- [           main] o.s.w.s.handler.SimpleUrlHandlerMapping  : Mapped URL path [/**/favicon.ico] onto handler of type [class org.springframework.web.servlet.resource.ResourceHttpRequestHandler]
2017-12-22 10:54:58.816  INFO 7534 --- [           main] s.w.s.m.m.a.RequestMappingHandlerAdapter : Looking for @ControllerAdvice: org.springframework.web.context.support.GenericWebApplicationContext@7b297740: startup date [Fri Dec 22 10:54:58 CST 2017]; root of context hierarchy
2017-12-22 10:54:58.861  INFO 7534 --- [           main] o.s.t.web.servlet.TestDispatcherServlet  : FrameworkServlet '': initialization completed in 236 ms
2017-12-22 10:54:58.989  INFO 7534 --- [           main] c.m.S.TeacherControllerTest              : Started TeacherControllerTest in 0.931 seconds (JVM running for 5.052)
]]></system-out>
  </testcase>
  <testcase name="getTest" classname="com.mengyunzhi.SpringMvcStudy.TeacherControllerTest" time="0.09"/>
  <testcase name="deleteTest" classname="com.mengyunzhi.SpringMvcStudy.TeacherControllerTest" time="0.159"/>
</testsuite>